<?xml version="1.0" encoding="UTF-8"?>
<robot generator="Robot 7.0 (Python 3.12.2 on win32)" generated="2024-04-04T18:43:32.183987" rpa="false" schemaversion="5">
<suite id="s1" name="TestCases" source="D:\RF_projects\greenCartUITesting\TestCases">
<suite id="s1-s1" name="groceryRequestApi" source="D:\RF_projects\greenCartUITesting\TestCases\groceryRequestApi.robot">
<kw name="Register a new API client" owner="registerApiClient" type="SETUP">
<kw name="Generate Random String" owner="String">
<msg time="2024-04-04T18:43:33.156630" level="INFO">${names} = bwobaorglckdvzd</msg>
<var>${names}</var>
<arg>7-15</arg>
<arg>[LOWER]</arg>
<doc>Generates a string with a desired ``length`` from the given ``chars``.</doc>
<status status="PASS" start="2024-04-04T18:43:33.155557" elapsed="0.001073"/>
</kw>
<kw name="Create Dictionary" owner="BuiltIn">
<msg time="2024-04-04T18:43:33.157803" level="INFO">${req_body} = {'clientName': "Postman on Valentin's computer", 'clientEmail': 'bwobaorglckdvzd@example.com'}</msg>
<var>${req_body}</var>
<arg>clientName=Postman on Valentin's computer</arg>
<arg>clientEmail=${names}@example.com</arg>
<doc>Creates and returns a dictionary based on the given ``items``.</doc>
<status status="PASS" start="2024-04-04T18:43:33.156630" elapsed="0.001173"/>
</kw>
<kw name="POST" owner="RequestsLibrary">
<msg time="2024-04-04T18:43:34.462177" level="INFO">POST Request : url=http://simple-grocery-store-api.online//api-clients 
 path_url=//api-clients 
 headers={'User-Agent': 'python-requests/2.31.0', 'Accept-Encoding': 'gzip, deflate', 'Accept': '*/*', 'Connection': 'keep-alive', 'Content-Length': '94', 'Content-Type': 'application/json'} 
 body=b'{"clientName": "Postman on Valentin\'s computer", "clientEmail": "bwobaorglckdvzd@example.com"}' 
 </msg>
<msg time="2024-04-04T18:43:34.462177" level="INFO">POST Response : url=http://simple-grocery-store-api.online//api-clients 
 status=201, reason=Created 
 headers={'server': 'Fly/796542a43 (2024-04-04)', 'fly-request-id': '01HTMKWENCFRME2S7N652GEPKS-bom', 'date': 'Thu, 04 Apr 2024 13:13:32 GMT', 'content-type': 'application/json; charset=utf-8', 'x-powered-by': 'Express', 'etag': 'W/"52-mB/MbcSTEybW7Sj8Qx8lJJzdaGM"', 'content-encoding': 'gzip', 'transfer-encoding': 'chunked', 'via': '1.1 fly.io'} 
 body={"accessToken":"b047fe376c1a6cc332d00b2f0d861e3b9bc48b943ddce17244b5adc3076794b5"} 
 </msg>
<msg time="2024-04-04T18:43:34.462177" level="INFO">${res} = &lt;Response [201]&gt;</msg>
<var>${res}</var>
<arg>${url}/api-clients</arg>
<arg>json=${req_body}</arg>
<arg>expected_status=201</arg>
<doc>Sends a POST request.</doc>
<status status="PASS" start="2024-04-04T18:43:33.158949" elapsed="1.304228"/>
</kw>
<kw name="Set Variable" owner="BuiltIn">
<msg time="2024-04-04T18:43:34.465341" level="INFO">${accessToken} = b047fe376c1a6cc332d00b2f0d861e3b9bc48b943ddce17244b5adc3076794b5</msg>
<var>${accessToken}</var>
<arg>${res.json()}[accessToken]</arg>
<doc>Returns the given values which can then be assigned to a variables.</doc>
<status status="PASS" start="2024-04-04T18:43:34.463177" elapsed="0.002164"/>
</kw>
<kw name="Set Suite Variable" owner="BuiltIn">
<msg time="2024-04-04T18:43:34.467495" level="INFO">${barear_token} = b047fe376c1a6cc332d00b2f0d861e3b9bc48b943ddce17244b5adc3076794b5</msg>
<arg>${barear_token}</arg>
<arg>${accessToken}</arg>
<doc>Makes a variable available everywhere within the scope of the current suite.</doc>
<status status="PASS" start="2024-04-04T18:43:34.465341" elapsed="0.002154"/>
</kw>
<status status="PASS" start="2024-04-04T18:43:33.154461" elapsed="1.314053"/>
</kw>
<test id="s1-s1-t1" name="TestCase 01" line="23">
<kw name="Get Status of API" owner="getStatusAPI">
<kw name="GET" owner="RequestsLibrary">
<msg time="2024-04-04T18:43:35.590606" level="INFO">GET Request : url=http://simple-grocery-store-api.online//status 
 path_url=//status 
 headers={'User-Agent': 'python-requests/2.31.0', 'Accept-Encoding': 'gzip, deflate', 'Accept': '*/*', 'Connection': 'keep-alive'} 
 body=None 
 </msg>
<msg time="2024-04-04T18:43:35.590606" level="INFO">GET Response : url=http://simple-grocery-store-api.online//status 
 status=200, reason=OK 
 headers={'server': 'Fly/796542a43 (2024-04-04)', 'fly-request-id': '01HTMKWFWB5N4Q94WWK5GPNFRP-bom', 'date': 'Thu, 04 Apr 2024 13:13:33 GMT', 'content-type': 'application/json; charset=utf-8', 'x-powered-by': 'Express', 'etag': 'W/"f-RQ8OySFd+KR+AvtJ7qImjtT0D/0"', 'content-encoding': 'gzip', 'transfer-encoding': 'chunked', 'via': '1.1 fly.io'} 
 body={"status":"UP"} 
 </msg>
<msg time="2024-04-04T18:43:35.591601" level="INFO">${resp} = &lt;Response [200]&gt;</msg>
<var>${resp}</var>
<arg>${url}/status</arg>
<arg>expected_status=200</arg>
<doc>Sends a GET request.</doc>
<status status="PASS" start="2024-04-04T18:43:34.470821" elapsed="1.120780"/>
</kw>
<kw name="Log To Console" owner="BuiltIn">
<arg>status=${resp.json()}</arg>
<doc>Logs the given message to the console.</doc>
<status status="PASS" start="2024-04-04T18:43:35.591601" elapsed="0.002123"/>
</kw>
<kw name="Status Should Be" owner="RequestsLibrary">
<arg>200</arg>
<arg>${resp}</arg>
<doc>Fails if response status code is different than the expected.</doc>
<status status="PASS" start="2024-04-04T18:43:35.593724" elapsed="0.001124"/>
</kw>
<status status="PASS" start="2024-04-04T18:43:34.469721" elapsed="1.125127"/>
</kw>
<status status="PASS" start="2024-04-04T18:43:34.468617" elapsed="1.127228"/>
</test>
<test id="s1-s1-t2" name="TestCase 02" line="26">
<kw name="Get all products API" owner="getAllProductsAPI">
<kw name="GET" owner="RequestsLibrary">
<msg time="2024-04-04T18:43:36.209604" level="INFO">GET Request : url=http://simple-grocery-store-api.online//products/ 
 path_url=//products/ 
 headers={'User-Agent': 'python-requests/2.31.0', 'Accept-Encoding': 'gzip, deflate', 'Accept': '*/*', 'Connection': 'keep-alive'} 
 body=None 
 </msg>
<msg time="2024-04-04T18:43:36.209604" level="INFO">GET Response : url=http://simple-grocery-store-api.online//products/ 
 status=200, reason=OK 
 headers={'server': 'Fly/796542a43 (2024-04-04)', 'fly-request-id': '01HTMKWGZPZ9ER19076SVM3NSF-bom', 'date': 'Thu, 04 Apr 2024 13:13:34 GMT', 'content-type': 'application/json; charset=utf-8', 'x-powered-by': 'Express', 'etag': 'W/"6b4-RVZTrjCoC03tQFslV/oF2zXZ8Wo"', 'content-encoding': 'gzip', 'transfer-encoding': 'chunked', 'via': '1.1 fly.io'} 
 body=[{"id":4643,"category":"coffee","name":"Starbucks Coffee Variety Pack, 100% Arabica","inStock":true},{"id":4646,"category":"coffee","name":"Ethical Bean Medium Dark Roast, Espresso","inStock":true},{"id":4641,"category":"coffee","name":"Don Francisco Colombia Supremo Medium Roast","inStock":true},{"id":1225,"category":"fresh-produce","name":"1/2 in. Brushless Hammer Drill","inStock":true},{"id":3674,"category":"fresh-produce","name":"20V Max Cordless Drill Combo Kit","inStock":true},{"id":2585,"category":"fresh-produce","name":"Green Cabbage Organic","inStock":true},{"id":5851,"category":"fresh-produce","name":"Cucumber Organic","inStock":false},{"id":8739,"category":"fresh-produce","name":"Fresh Spinach Organic","inStock":true},{"id":2177,"category":"meat-seafood","name":"Cosco Three Step Steel Platform","inStock":true},{"id":1709,"category":"meat-seafood","name":"Beef Choice Angus Ribeye Steak","inStock":true},{"id":1709,"category":"meat-seafood","name":"Angus Steak Burgers","inStock":true},{"id":7395,"category":"meat-seafood","name":"Boneless Skinless Chicken Breasts","inStock":true},{"id":8554,"category":"candy","name":"Kinder Joy Eggs","inStock":true},{"id":6483,"category":"candy","name":"Cadbury Milk Chocolate","inStock":true},{"id":5774,"category":"candy","name":"HERSHEY'S, Milk Chocolate Almond","inStock":true},{"id":8753,"category":"dairy","name":"Reduced Fat Milk","inStock":true},{"id":9482,"category":"dairy","name":"Whole Milk","inStock":true},{"id":5477,"category":"dairy","name":"Cream Cheese","inStock":true},{"id":5478,"category":"dairy","name":"Low Fat Vanilla Yogurt","inStock":true},{"id":4875,"category":"bread-bakery","name":"2800 Watt Inverter Generator","inStock":true}] 
 </msg>
<msg time="2024-04-04T18:43:36.210602" level="INFO">${resp} = &lt;Response [200]&gt;</msg>
<var>${resp}</var>
<arg>${url}/products/</arg>
<arg>expected_status=200</arg>
<doc>Sends a GET request.</doc>
<status status="PASS" start="2024-04-04T18:43:35.599818" elapsed="0.610784"/>
</kw>
<kw name="Get Length" owner="BuiltIn">
<msg time="2024-04-04T18:43:36.212761" level="INFO">Length is 20.</msg>
<msg time="2024-04-04T18:43:36.212761" level="INFO">${lenth_response} = 20</msg>
<var>${lenth_response}</var>
<arg>${resp.json()}</arg>
<doc>Returns and logs the length of the given item as an integer.</doc>
<status status="PASS" start="2024-04-04T18:43:36.211603" elapsed="0.001158"/>
</kw>
<kw name="Status Should Be" owner="RequestsLibrary">
<arg>200</arg>
<arg>${resp}</arg>
<doc>Fails if response status code is different than the expected.</doc>
<status status="PASS" start="2024-04-04T18:43:36.214444" elapsed="0.000000"/>
</kw>
<kw name="Should Be Equal As Integers" owner="BuiltIn">
<msg time="2024-04-04T18:43:36.215614" level="INFO">Argument types are:
&lt;class 'str'&gt;
&lt;class 'int'&gt;</msg>
<arg>20</arg>
<arg>${lenth_response}</arg>
<doc>Fails if objects are unequal after converting them to integers.</doc>
<status status="PASS" start="2024-04-04T18:43:36.215614" elapsed="0.000000"/>
</kw>
<kw name="Should Be Equal As Integers" owner="BuiltIn">
<msg time="2024-04-04T18:43:36.217764" level="INFO">Argument types are:
&lt;class 'str'&gt;
&lt;class 'int'&gt;</msg>
<arg>4643</arg>
<arg>${resp.json()}[0][id]</arg>
<doc>Fails if objects are unequal after converting them to integers.</doc>
<status status="PASS" start="2024-04-04T18:43:36.215614" elapsed="0.002150"/>
</kw>
<kw name="Should Be Equal As Strings" owner="BuiltIn">
<arg>coffee</arg>
<arg>${resp.json()}[0][category]</arg>
<doc>Fails if objects are unequal after converting them to strings.</doc>
<status status="PASS" start="2024-04-04T18:43:36.217764" elapsed="0.000998"/>
</kw>
<kw name="Should Be Equal As Strings" owner="BuiltIn">
<arg>Starbucks Coffee Variety Pack, 100% Arabica</arg>
<arg>${resp.json()}[0][name]</arg>
<doc>Fails if objects are unequal after converting them to strings.</doc>
<status status="PASS" start="2024-04-04T18:43:36.219913" elapsed="0.000999"/>
</kw>
<kw name="Should Be Equal As Strings" owner="BuiltIn">
<msg time="2024-04-04T18:43:36.222064" level="INFO">Argument types are:
&lt;class 'str'&gt;
&lt;class 'bool'&gt;</msg>
<arg>True</arg>
<arg>${resp.json()}[0][inStock]</arg>
<doc>Fails if objects are unequal after converting them to strings.</doc>
<status status="PASS" start="2024-04-04T18:43:36.220912" elapsed="0.002151"/>
</kw>
<status status="PASS" start="2024-04-04T18:43:35.599818" elapsed="0.623245"/>
</kw>
<status status="PASS" start="2024-04-04T18:43:35.597685" elapsed="0.625378"/>
</test>
<status status="PASS" start="2024-04-04T18:43:32.253584" elapsed="3.972099"/>
</suite>
<suite id="s1-s2" name="RentalToolAPIS" source="D:\RF_projects\greenCartUITesting\TestCases\RentalToolAPIS.robot">
<kw name="Register a new API clients" owner="RegisterNewApiclient" type="SETUP">
<kw name="Generate Random String" owner="String">
<msg time="2024-04-04T18:43:36.355064" level="INFO">${name} = awhhultdv</msg>
<var>${name}</var>
<arg>7-15</arg>
<arg>[LOWER]</arg>
<doc>Generates a string with a desired ``length`` from the given ``chars``.</doc>
<status status="PASS" start="2024-04-04T18:43:36.354066" elapsed="0.000998"/>
</kw>
<kw name="Create Dictionary" owner="BuiltIn">
<msg time="2024-04-04T18:43:36.356152" level="INFO">${req_body} = {'clientName': 'Postman', 'clientEmail': 'awhhultdv@example.com'}</msg>
<var>${req_body}</var>
<arg>clientName=Postman</arg>
<arg>clientEmail=${name}@example.com</arg>
<doc>Creates and returns a dictionary based on the given ``items``.</doc>
<status status="PASS" start="2024-04-04T18:43:36.355064" elapsed="0.001088"/>
</kw>
<kw name="POST" owner="RequestsLibrary">
<msg time="2024-04-04T18:43:38.908977" level="INFO">POST Request : url=https://simple-tool-rental-api.glitch.me/api-clients 
 path_url=/api-clients 
 headers={'User-Agent': 'python-requests/2.31.0', 'Accept-Encoding': 'gzip, deflate', 'Accept': '*/*', 'Connection': 'keep-alive', 'Content-Length': '65', 'Content-Type': 'application/json'} 
 body=b'{"clientName": "Postman", "clientEmail": "awhhultdv@example.com"}' 
 </msg>
<msg time="2024-04-04T18:43:38.908977" level="INFO">POST Response : url=https://simple-tool-rental-api.glitch.me/api-clients 
 status=201, reason=Created 
 headers={'Date': 'Thu, 04 Apr 2024 13:13:36 GMT', 'Content-Type': 'application/json; charset=utf-8', 'Content-Length': '82', 'Connection': 'keep-alive', 'x-powered-by': 'Express', 'etag': 'W/"52-L6ce24W4aaAth+eInBEv19DKJ3k"'} 
 body={"accessToken":"b90598cbe2ccb36520fda6c981992199ccb5f5665d417128d5d1f56150b07d2a"} 
 </msg>
<msg time="2024-04-04T18:43:38.908977" level="INFO">${res} = &lt;Response [201]&gt;</msg>
<var>${res}</var>
<arg>${base_url}/api-clients</arg>
<arg>json=${req_body}</arg>
<arg>expected_status=any</arg>
<doc>Sends a POST request.</doc>
<status status="PASS" start="2024-04-04T18:43:36.356152" elapsed="2.552825"/>
</kw>
<kw name="Status Should Be" owner="RequestsLibrary">
<arg>201</arg>
<arg>${res}</arg>
<doc>Fails if response status code is different than the expected.</doc>
<status status="PASS" start="2024-04-04T18:43:38.910145" elapsed="0.000000"/>
</kw>
<kw name="Set Variable" owner="BuiltIn">
<msg time="2024-04-04T18:43:38.912289" level="INFO">${accessToken} = b90598cbe2ccb36520fda6c981992199ccb5f5665d417128d5d1f56150b07d2a</msg>
<var>${accessToken}</var>
<arg>${res.json()}[accessToken]</arg>
<doc>Returns the given values which can then be assigned to a variables.</doc>
<status status="PASS" start="2024-04-04T18:43:38.911144" elapsed="0.001145"/>
</kw>
<kw name="Set Suite Variable" owner="BuiltIn">
<msg time="2024-04-04T18:43:38.914459" level="INFO">${barear_token} = b90598cbe2ccb36520fda6c981992199ccb5f5665d417128d5d1f56150b07d2a</msg>
<arg>${barear_token}</arg>
<arg>${accessToken}</arg>
<doc>Makes a variable available everywhere within the scope of the current suite.</doc>
<status status="PASS" start="2024-04-04T18:43:38.913284" elapsed="0.002173"/>
</kw>
<status status="PASS" start="2024-04-04T18:43:36.354066" elapsed="2.561391"/>
</kw>
<test id="s1-s2-t1" name="TestCase 01" line="25">
<kw name="Get status API" owner="GetStatusApi">
<kw name="GET" owner="RequestsLibrary">
<msg time="2024-04-04T18:43:41.263830" level="INFO">GET Request : url=https://simple-tool-rental-api.glitch.me/status 
 path_url=/status 
 headers={'User-Agent': 'python-requests/2.31.0', 'Accept-Encoding': 'gzip, deflate', 'Accept': '*/*', 'Connection': 'keep-alive'} 
 body=None 
 </msg>
<msg time="2024-04-04T18:43:41.263830" level="INFO">GET Response : url=https://simple-tool-rental-api.glitch.me/status 
 status=200, reason=OK 
 headers={'Date': 'Thu, 04 Apr 2024 13:13:39 GMT', 'Content-Type': 'application/json; charset=utf-8', 'Content-Length': '15', 'Connection': 'keep-alive', 'x-powered-by': 'Express', 'etag': 'W/"f-RQ8OySFd+KR+AvtJ7qImjtT0D/0"'} 
 body={"status":"UP"} 
 </msg>
<msg time="2024-04-04T18:43:41.268137" level="INFO">${response} = &lt;Response [200]&gt;</msg>
<var>${response}</var>
<arg>${base_url}/status</arg>
<arg>expected_status=any</arg>
<doc>Sends a GET request.</doc>
<status status="PASS" start="2024-04-04T18:43:38.917682" elapsed="2.350455"/>
</kw>
<kw name="Log To Console" owner="BuiltIn">
<arg>status=${response.json()}</arg>
<doc>Logs the given message to the console.</doc>
<status status="PASS" start="2024-04-04T18:43:41.268137" elapsed="0.002192"/>
</kw>
<kw name="Status Should Be" owner="RequestsLibrary">
<arg>200</arg>
<arg>${response}</arg>
<doc>Fails if response status code is different than the expected.</doc>
<status status="PASS" start="2024-04-04T18:43:41.271525" elapsed="0.000000"/>
</kw>
<kw name="Should Be Equal As Strings" owner="BuiltIn">
<arg>UP</arg>
<arg>${response.json()}[status]</arg>
<doc>Fails if objects are unequal after converting them to strings.</doc>
<status status="PASS" start="2024-04-04T18:43:41.272522" elapsed="0.001096"/>
</kw>
<tag>t1</tag>
<status status="PASS" start="2024-04-04T18:43:38.916576" elapsed="2.357042"/>
</kw>
<status status="PASS" start="2024-04-04T18:43:38.915457" elapsed="2.359157"/>
</test>
<test id="s1-s2-t2" name="TestCase 02" line="29">
<kw name="Get all tools API" owner="GetAllToolApi">
<kw name="GET" owner="RequestsLibrary">
<msg time="2024-04-04T18:43:43.210070" level="INFO">GET Request : url=https://simple-tool-rental-api.glitch.me/tools 
 path_url=/tools 
 headers={'User-Agent': 'python-requests/2.31.0', 'Accept-Encoding': 'gzip, deflate', 'Accept': '*/*', 'Connection': 'keep-alive'} 
 body=None 
 </msg>
<msg time="2024-04-04T18:43:43.210070" level="INFO">GET Response : url=https://simple-tool-rental-api.glitch.me/tools 
 status=200, reason=OK 
 headers={'Date': 'Thu, 04 Apr 2024 13:13:41 GMT', 'Content-Type': 'application/json; charset=utf-8', 'Content-Length': '1870', 'Connection': 'keep-alive', 'x-powered-by': 'Express', 'etag': 'W/"74e-C4T5fkNjqxDCjiTeVg/tAE2nylc"'} 
 body=[{"id":4643,"category":"plumbing","name":"PEX Clamp Tool","inStock":true},{"id":1225,"category":"power-tools","name":"1/2 in. Brushless Hammer Drill","inStock":true},{"id":2177,"category":"ladders","name":"Cosco Three Step Steel Platform","inStock":true},{"id":6543,"category":"electric-generators","name":"GENMAX 3200 Watt Inverter Generator","inStock":false},{"id":3674,"category":"power-tools","name":"20V Max Cordless Drill Combo Kit","inStock":true},{"id":2585,"category":"power-tools","name":"20V Max Drill &amp; Home Tool Kit","inStock":true},{"id":5851,"category":"power-tools","name":"20V MAX Cordless Drill Combo Kit","inStock":false},{"id":8739,"category":"power-tools","name":"18V LXT Lithium-Ion Cordless 8-Pc. Combo Kit","inStock":true},{"id":1709,"category":"ladders","name":"Velocity Aluminum Multi-Position Ladder, 13 Ft, 300 lbs","inStock":true},{"id":1709,"category":"ladders","name":"Werner 356 Stepladder, 6-Foot, 100 lbs","inStock":true},{"id":7395,"category":"ladders","name":"Louisville Fiberglass Stepladder, 4 Ft, 300 lbs","inStock":true},{"id":8554,"category":"trailers","name":"Tilt Trailer 7,000 lbs.","inStock":true},{"id":8753,"category":"plumbing","name":"Pipe Threader","inStock":true},{"id":9482,"category":"plumbing","name":"Submersible Water Removal Pump","inStock":true},{"id":5477,"category":"plumbing","name":"Manual Drain Auger 25ft","inStock":true},{"id":6483,"category":"trailers","name":"Single Axle Dump Trailer 2,990 lbs","inStock":true},{"id":5774,"category":"trailers","name":"Single Axle Utility Trailer 4,995 lbs.","inStock":true},{"id":4875,"category":"electric-generators","name":"2800 Watt Inverter Generator","inStock":true},{"id":5499,"category":"electric-generators","name":"3000 Watt Inverter Generator","inStock":true},{"id":3486,"category":"electric-generators","name":"7000 Watt Inverter Generator","inStock":true}] 
 </msg>
<msg time="2024-04-04T18:43:43.211191" level="INFO">${response} = &lt;Response [200]&gt;</msg>
<var>${response}</var>
<arg>${base_url}/tools</arg>
<arg>params=</arg>
<arg>expected_status=any</arg>
<doc>Sends a GET request.</doc>
<status status="PASS" start="2024-04-04T18:43:41.278882" elapsed="1.932309"/>
</kw>
<kw name="Log To Console" owner="BuiltIn">
<arg>status=${response.json()}</arg>
<doc>Logs the given message to the console.</doc>
<status status="PASS" start="2024-04-04T18:43:43.211191" elapsed="0.005255"/>
</kw>
<kw name="Get Length" owner="BuiltIn">
<msg time="2024-04-04T18:43:43.218561" level="INFO">Length is 20.</msg>
<msg time="2024-04-04T18:43:43.218561" level="INFO">${res_lenth} = 20</msg>
<var>${res_lenth}</var>
<arg>${response.json()}</arg>
<doc>Returns and logs the length of the given item as an integer.</doc>
<status status="PASS" start="2024-04-04T18:43:43.216446" elapsed="0.002115"/>
</kw>
<kw name="Log To Console" owner="BuiltIn">
<arg>${res_lenth}</arg>
<doc>Logs the given message to the console.</doc>
<status status="PASS" start="2024-04-04T18:43:43.219690" elapsed="0.000000"/>
</kw>
<kw name="Status Should Be" owner="RequestsLibrary">
<arg>200</arg>
<arg>${response}</arg>
<doc>Fails if response status code is different than the expected.</doc>
<status status="PASS" start="2024-04-04T18:43:43.220684" elapsed="0.000000"/>
</kw>
<tag>t2</tag>
<status status="PASS" start="2024-04-04T18:43:41.277883" elapsed="1.942801"/>
</kw>
<kw name="Get single tools API" owner="GetSingleToolApi">
<kw name="GET" owner="RequestsLibrary">
<msg time="2024-04-04T18:43:45.257110" level="INFO">GET Request : url=https://simple-tool-rental-api.glitch.me/tools/3674 
 path_url=/tools/3674 
 headers={'User-Agent': 'python-requests/2.31.0', 'Accept-Encoding': 'gzip, deflate', 'Accept': '*/*', 'Connection': 'keep-alive'} 
 body=None 
 </msg>
<msg time="2024-04-04T18:43:45.258237" level="INFO">GET Response : url=https://simple-tool-rental-api.glitch.me/tools/3674 
 status=200, reason=OK 
 headers={'Date': 'Thu, 04 Apr 2024 13:13:43 GMT', 'Content-Type': 'application/json; charset=utf-8', 'Content-Length': '149', 'Connection': 'keep-alive', 'x-powered-by': 'Express', 'etag': 'W/"95-aOdY0HS2KBdbJ18JtMAoAX3KMMI"'} 
 body={"id":3674,"category":"power-tools","name":"20V Max Cordless Drill Combo Kit","manufacturer":"DEWALT","price":10.96,"current-stock":3,"inStock":true} 
 </msg>
<msg time="2024-04-04T18:43:45.258237" level="INFO">${response} = &lt;Response [200]&gt;</msg>
<var>${response}</var>
<arg>${base_url}/tools/${tool_id}</arg>
<arg>expected_status=any</arg>
<doc>Sends a GET request.</doc>
<status status="PASS" start="2024-04-04T18:43:43.222793" elapsed="2.035444"/>
</kw>
<kw name="Log To Console" owner="BuiltIn">
<arg>status=${response.json()}</arg>
<doc>Logs the given message to the console.</doc>
<status status="PASS" start="2024-04-04T18:43:45.258237" elapsed="0.002097"/>
</kw>
<kw name="Status Should Be" owner="RequestsLibrary">
<arg>200</arg>
<arg>${response}</arg>
<doc>Fails if response status code is different than the expected.</doc>
<status status="PASS" start="2024-04-04T18:43:45.261328" elapsed="0.000000"/>
</kw>
<kw name="Should Be Equal As Integers" owner="BuiltIn">
<msg time="2024-04-04T18:43:45.263449" level="INFO">Argument types are:
&lt;class 'str'&gt;
&lt;class 'int'&gt;</msg>
<arg>3674</arg>
<arg>${response.json()}[id]</arg>
<doc>Fails if objects are unequal after converting them to integers.</doc>
<status status="PASS" start="2024-04-04T18:43:45.262454" elapsed="0.000995"/>
</kw>
<kw name="Should Be Equal As Strings" owner="BuiltIn">
<arg>power-tools</arg>
<arg>${response.json()}[category]</arg>
<doc>Fails if objects are unequal after converting them to strings.</doc>
<status status="PASS" start="2024-04-04T18:43:45.264507" elapsed="0.001066"/>
</kw>
<kw name="Should Be Equal As Strings" owner="BuiltIn">
<arg>20V Max Cordless Drill Combo Kit</arg>
<arg>${response.json()}[name]</arg>
<doc>Fails if objects are unequal after converting them to strings.</doc>
<status status="PASS" start="2024-04-04T18:43:45.265573" elapsed="0.001095"/>
</kw>
<kw name="Should Be True" owner="BuiltIn">
<arg>True</arg>
<arg>${response.json()}[inStock]</arg>
<doc>Fails if the given condition is not true.</doc>
<status status="PASS" start="2024-04-04T18:43:45.266668" elapsed="0.002098"/>
</kw>
<tag>t3</tag>
<status status="PASS" start="2024-04-04T18:43:43.221795" elapsed="2.046971"/>
</kw>
<status status="PASS" start="2024-04-04T18:43:41.276742" elapsed="3.993018"/>
</test>
<test id="s1-s2-t3" name="TestCase 03567" line="32">
<kw name="Create a new order" owner="CreateNewOrder">
<kw name="Load Json From File" owner="JSONLibrary">
<msg time="2024-04-04T18:43:45.285169" level="INFO">${json} = {'toolId': 1643, 'customerName': 'John Doe'}</msg>
<var>${json}</var>
<arg>apiTesting/templates/create_rentaltool_order.json</arg>
<doc>Load JSON from file.</doc>
<status status="PASS" start="2024-04-04T18:43:45.284048" elapsed="0.001121"/>
</kw>
<kw name="Update Value To Json" owner="JSONLibrary">
<msg time="2024-04-04T18:43:45.347468" level="INFO">${json} = {'toolId': '3674', 'customerName': 'John Doe'}</msg>
<var>${json}</var>
<arg>${json}</arg>
<arg>$.toolId</arg>
<arg>${tool_id}</arg>
<doc>Update value to JSON using JSONPath</doc>
<status status="PASS" start="2024-04-04T18:43:45.286306" elapsed="0.061162"/>
</kw>
<kw name="Log To Console" owner="BuiltIn">
<arg>${json}</arg>
<doc>Logs the given message to the console.</doc>
<status status="PASS" start="2024-04-04T18:43:45.347468" elapsed="0.001070"/>
</kw>
<kw name="Update Value To Json" owner="JSONLibrary">
<msg time="2024-04-04T18:43:45.380795" level="INFO">${json_name} = {'toolId': '3674', 'customerName': 'praveen'}</msg>
<var>${json_name}</var>
<arg>${json}</arg>
<arg>$.customerName</arg>
<arg>praveen</arg>
<doc>Update value to JSON using JSONPath</doc>
<status status="PASS" start="2024-04-04T18:43:45.348538" elapsed="0.032257"/>
</kw>
<kw name="Create Dictionary" owner="BuiltIn">
<msg time="2024-04-04T18:43:45.381796" level="INFO">${Authorization} = {'Authorization': 'Bearer b90598cbe2ccb36520fda6c981992199ccb5f5665d417128d5d1f56150b07d2a'}</msg>
<var>${Authorization}</var>
<arg>Authorization=Bearer ${barear_token}</arg>
<doc>Creates and returns a dictionary based on the given ``items``.</doc>
<status status="PASS" start="2024-04-04T18:43:45.381796" elapsed="0.000000"/>
</kw>
<kw name="POST" owner="RequestsLibrary">
<msg time="2024-04-04T18:43:47.511235" level="INFO">POST Request : url=https://simple-tool-rental-api.glitch.me/orders 
 path_url=/orders 
 headers={'User-Agent': 'python-requests/2.31.0', 'Accept-Encoding': 'gzip, deflate', 'Accept': '*/*', 'Connection': 'keep-alive', 'Authorization': 'Bearer b90598cbe2ccb36520fda6c981992199ccb5f5665d417128d5d1f56150b07d2a', 'Content-Length': '46', 'Content-Type': 'application/json'} 
 body=b'{"toolId": "3674", "customerName": "John Doe"}' 
 </msg>
<msg time="2024-04-04T18:43:47.511235" level="INFO">POST Response : url=https://simple-tool-rental-api.glitch.me/orders 
 status=201, reason=Created 
 headers={'Date': 'Thu, 04 Apr 2024 13:13:45 GMT', 'Content-Type': 'application/json; charset=utf-8', 'Content-Length': '50', 'Connection': 'keep-alive', 'x-powered-by': 'Express', 'etag': 'W/"32-52qzh4b8PMLU2iZyO74HRSJKwd0"'} 
 body={"created":true,"orderId":"liq9GoUuMLo_Hna-15IjV"} 
 </msg>
<msg time="2024-04-04T18:43:47.515609" level="INFO">${res} = &lt;Response [201]&gt;</msg>
<var>${res}</var>
<arg>${base_url}/orders</arg>
<arg>headers=${Authorization}</arg>
<arg>json=${json}</arg>
<arg>expected_status=any</arg>
<doc>Sends a POST request.</doc>
<status status="PASS" start="2024-04-04T18:43:45.382795" elapsed="2.132814"/>
</kw>
<kw name="Status Should Be" owner="RequestsLibrary">
<arg>201</arg>
<arg>${res}</arg>
<doc>Fails if response status code is different than the expected.</doc>
<status status="PASS" start="2024-04-04T18:43:47.516721" elapsed="0.000000"/>
</kw>
<kw name="Set Variable" owner="BuiltIn">
<msg time="2024-04-04T18:43:47.518878" level="INFO">${orderId} = liq9GoUuMLo_Hna-15IjV</msg>
<var>${orderId}</var>
<arg>${res.json()}[orderId]</arg>
<doc>Returns the given values which can then be assigned to a variables.</doc>
<status status="PASS" start="2024-04-04T18:43:47.516721" elapsed="0.002157"/>
</kw>
<kw name="Set Suite Variable" owner="BuiltIn">
<msg time="2024-04-04T18:43:47.519877" level="INFO">${order_id} = liq9GoUuMLo_Hna-15IjV</msg>
<arg>${order_id}</arg>
<arg>${orderId}</arg>
<doc>Makes a variable available everywhere within the scope of the current suite.</doc>
<status status="PASS" start="2024-04-04T18:43:47.518878" elapsed="0.000999"/>
</kw>
<return>
<value>${order_id}</value>
<status status="PASS" start="2024-04-04T18:43:47.519877" elapsed="0.000000"/>
</return>
<status status="PASS" start="2024-04-04T18:43:45.282943" elapsed="2.236934"/>
</kw>
<kw name="Get all orders" owner="GetAllOrders">
<kw name="Create Dictionary" owner="BuiltIn">
<msg time="2024-04-04T18:43:47.522202" level="INFO">${Authorization} = {'Authorization': 'Bearer b90598cbe2ccb36520fda6c981992199ccb5f5665d417128d5d1f56150b07d2a'}</msg>
<var>${Authorization}</var>
<arg>Authorization=Bearer ${barear_token}</arg>
<doc>Creates and returns a dictionary based on the given ``items``.</doc>
<status status="PASS" start="2024-04-04T18:43:47.522202" elapsed="0.000000"/>
</kw>
<kw name="GET" owner="RequestsLibrary">
<msg time="2024-04-04T18:43:49.558754" level="INFO">GET Request : url=https://simple-tool-rental-api.glitch.me/orders 
 path_url=/orders 
 headers={'User-Agent': 'python-requests/2.31.0', 'Accept-Encoding': 'gzip, deflate', 'Accept': '*/*', 'Connection': 'keep-alive', 'Authorization': 'Bearer b90598cbe2ccb36520fda6c981992199ccb5f5665d417128d5d1f56150b07d2a'} 
 body=None 
 </msg>
<msg time="2024-04-04T18:43:49.558754" level="INFO">GET Response : url=https://simple-tool-rental-api.glitch.me/orders 
 status=200, reason=OK 
 headers={'Date': 'Thu, 04 Apr 2024 13:13:47 GMT', 'Content-Type': 'application/json; charset=utf-8', 'Content-Length': '135', 'Connection': 'keep-alive', 'x-powered-by': 'Express', 'etag': 'W/"87-5ZZwn97pa56AZ7p+oyRW2RYxmrQ"'} 
 body=[{"id":"liq9GoUuMLo_Hna-15IjV","toolId":3674,"customerName":"John Doe","quantity":1,"created":"2024-04-04T13:13:45.293Z","comment":""}] 
 </msg>
<msg time="2024-04-04T18:43:49.558754" level="INFO">${res} = &lt;Response [200]&gt;</msg>
<var>${res}</var>
<arg>${base_url}/orders</arg>
<arg>headers=${Authorization}</arg>
<arg>expected_status=any</arg>
<doc>Sends a GET request.</doc>
<status status="PASS" start="2024-04-04T18:43:47.523305" elapsed="2.035449"/>
</kw>
<kw name="Status Should Be" owner="RequestsLibrary">
<arg>200</arg>
<arg>${res}</arg>
<doc>Fails if response status code is different than the expected.</doc>
<status status="PASS" start="2024-04-04T18:43:49.559753" elapsed="0.000000"/>
</kw>
<status status="PASS" start="2024-04-04T18:43:47.521094" elapsed="2.039659"/>
</kw>
<kw name="Get Single order" owner="GetSingleOrderAPI">
<kw name="Create Dictionary" owner="BuiltIn">
<msg time="2024-04-04T18:43:49.563135" level="INFO">${Authorization} = {'Authorization': 'Bearer b90598cbe2ccb36520fda6c981992199ccb5f5665d417128d5d1f56150b07d2a'}</msg>
<var>${Authorization}</var>
<arg>Authorization=Bearer ${barear_token}</arg>
<doc>Creates and returns a dictionary based on the given ``items``.</doc>
<status status="PASS" start="2024-04-04T18:43:49.562033" elapsed="0.001102"/>
</kw>
<kw name="GET" owner="RequestsLibrary">
<msg time="2024-04-04T18:43:51.504193" level="INFO">GET Request : url=https://simple-tool-rental-api.glitch.me/orders/liq9GoUuMLo_Hna-15IjV 
 path_url=/orders/liq9GoUuMLo_Hna-15IjV 
 headers={'User-Agent': 'python-requests/2.31.0', 'Accept-Encoding': 'gzip, deflate', 'Accept': '*/*', 'Connection': 'keep-alive', 'Authorization': 'Bearer b90598cbe2ccb36520fda6c981992199ccb5f5665d417128d5d1f56150b07d2a'} 
 body=None 
 </msg>
<msg time="2024-04-04T18:43:51.504193" level="INFO">GET Response : url=https://simple-tool-rental-api.glitch.me/orders/liq9GoUuMLo_Hna-15IjV 
 status=200, reason=OK 
 headers={'Date': 'Thu, 04 Apr 2024 13:13:49 GMT', 'Content-Type': 'application/json; charset=utf-8', 'Content-Length': '256', 'Connection': 'keep-alive', 'x-powered-by': 'Express', 'etag': 'W/"100-HlNMdZGFFHPuepu774djGVeIt0w"'} 
 body={"id":"liq9GoUuMLo_Hna-15IjV","toolId":3674,"customerName":"John Doe","createdBy":"1f629a91241d79b36a23e6aac8e50f4fadd89e54fc2e5916382c507904d3b394","quantity":1,"created":"2024-04-04T13:13:45.293Z","timestamp":1712236425293,"processed":false,"comment":""} 
 </msg>
<msg time="2024-04-04T18:43:51.504193" level="INFO">${res} = &lt;Response [200]&gt;</msg>
<var>${res}</var>
<arg>${base_url}/orders/${order_id}</arg>
<arg>headers=${Authorization}</arg>
<arg>expected_status=any</arg>
<doc>Sends a GET request.</doc>
<status status="PASS" start="2024-04-04T18:43:49.563135" elapsed="1.941058"/>
</kw>
<kw name="Status Should Be" owner="RequestsLibrary">
<arg>200</arg>
<arg>${res}</arg>
<doc>Fails if response status code is different than the expected.</doc>
<status status="PASS" start="2024-04-04T18:43:51.505300" elapsed="0.000000"/>
</kw>
<status status="PASS" start="2024-04-04T18:43:49.560914" elapsed="1.944386"/>
</kw>
<kw name="Update an order" owner="UpdateAnOrderAPI">
<kw name="Create Dictionary" owner="BuiltIn">
<msg time="2024-04-04T18:43:51.508412" level="INFO">${Authorization} = {'Authorization': 'Bearer b90598cbe2ccb36520fda6c981992199ccb5f5665d417128d5d1f56150b07d2a'}</msg>
<var>${Authorization}</var>
<arg>Authorization=Bearer ${barear_token}</arg>
<doc>Creates and returns a dictionary based on the given ``items``.</doc>
<status status="PASS" start="2024-04-04T18:43:51.507413" elapsed="0.000999"/>
</kw>
<kw name="Create Dictionary" owner="BuiltIn">
<msg time="2024-04-04T18:43:51.508412" level="INFO">${res_body} = {'customerName': ' Labustan'}</msg>
<var>${res_body}</var>
<arg>customerName= Labustan</arg>
<doc>Creates and returns a dictionary based on the given ``items``.</doc>
<status status="PASS" start="2024-04-04T18:43:51.508412" elapsed="0.000000"/>
</kw>
<kw name="PATCH" owner="RequestsLibrary">
<msg time="2024-04-04T18:43:53.654188" level="INFO">PATCH Request : url=https://simple-tool-rental-api.glitch.me/orders/liq9GoUuMLo_Hna-15IjV 
 path_url=/orders/liq9GoUuMLo_Hna-15IjV 
 headers={'User-Agent': 'python-requests/2.31.0', 'Accept-Encoding': 'gzip, deflate', 'Accept': '*/*', 'Connection': 'keep-alive', 'Authorization': 'Bearer b90598cbe2ccb36520fda6c981992199ccb5f5665d417128d5d1f56150b07d2a', 'Content-Length': '29', 'Content-Type': 'application/json'} 
 body=b'{"customerName": " Labustan"}' 
 </msg>
<msg time="2024-04-04T18:43:53.654188" level="INFO">PATCH Response : url=https://simple-tool-rental-api.glitch.me/orders/liq9GoUuMLo_Hna-15IjV 
 status=204, reason=No Content 
 headers={'Date': 'Thu, 04 Apr 2024 13:13:51 GMT', 'Connection': 'keep-alive', 'x-powered-by': 'Express'} 
 body=None 
 </msg>
<msg time="2024-04-04T18:43:53.655185" level="INFO">${res} = &lt;Response [204]&gt;</msg>
<var>${res}</var>
<arg>${base_url}/orders/${order_id}</arg>
<arg>headers=${Authorization}</arg>
<arg>json=${res_body}</arg>
<arg>expected_status=any</arg>
<doc>Sends a PATCH request.</doc>
<status status="PASS" start="2024-04-04T18:43:51.509509" elapsed="2.145676"/>
</kw>
<kw name="Status Should Be" owner="RequestsLibrary">
<arg>204</arg>
<arg>${res}</arg>
<doc>Fails if response status code is different than the expected.</doc>
<status status="PASS" start="2024-04-04T18:43:53.655185" elapsed="0.001147"/>
</kw>
<status status="PASS" start="2024-04-04T18:43:51.506299" elapsed="2.150033"/>
</kw>
<kw name="Get updated sinle order" owner="GetUpdatedOrder">
<kw name="Create Dictionary" owner="BuiltIn">
<msg time="2024-04-04T18:43:53.659679" level="INFO">${Authorization} = {'Authorization': 'Bearer b90598cbe2ccb36520fda6c981992199ccb5f5665d417128d5d1f56150b07d2a'}</msg>
<var>${Authorization}</var>
<arg>Authorization=Bearer ${barear_token}</arg>
<doc>Creates and returns a dictionary based on the given ``items``.</doc>
<status status="PASS" start="2024-04-04T18:43:53.658479" elapsed="0.001200"/>
</kw>
<kw name="GET" owner="RequestsLibrary">
<msg time="2024-04-04T18:43:55.701757" level="INFO">GET Request : url=https://simple-tool-rental-api.glitch.me/orders/liq9GoUuMLo_Hna-15IjV 
 path_url=/orders/liq9GoUuMLo_Hna-15IjV 
 headers={'User-Agent': 'python-requests/2.31.0', 'Accept-Encoding': 'gzip, deflate', 'Accept': '*/*', 'Connection': 'keep-alive', 'Authorization': 'Bearer b90598cbe2ccb36520fda6c981992199ccb5f5665d417128d5d1f56150b07d2a'} 
 body=None 
 </msg>
<msg time="2024-04-04T18:43:55.702756" level="INFO">GET Response : url=https://simple-tool-rental-api.glitch.me/orders/liq9GoUuMLo_Hna-15IjV 
 status=200, reason=OK 
 headers={'Date': 'Thu, 04 Apr 2024 13:13:53 GMT', 'Content-Type': 'application/json; charset=utf-8', 'Content-Length': '257', 'Connection': 'keep-alive', 'x-powered-by': 'Express', 'etag': 'W/"101-rW1N9ciCJSNkpreH2UAuuNA6PQI"'} 
 body={"id":"liq9GoUuMLo_Hna-15IjV","toolId":3674,"customerName":" Labustan","createdBy":"1f629a91241d79b36a23e6aac8e50f4fadd89e54fc2e5916382c507904d3b394","quantity":1,"created":"2024-04-04T13:13:45.293Z","timestamp":1712236425293,"processed":false,"comment":""} 
 </msg>
<msg time="2024-04-04T18:43:55.706037" level="INFO">${res} = &lt;Response [200]&gt;</msg>
<var>${res}</var>
<arg>${base_url}/orders/${order_id}</arg>
<arg>headers=${Authorization}</arg>
<arg>expected_status=any</arg>
<doc>Sends a GET request.</doc>
<status status="PASS" start="2024-04-04T18:43:53.660828" elapsed="2.045209"/>
</kw>
<kw name="Status Should Be" owner="RequestsLibrary">
<arg>200</arg>
<arg>${res}</arg>
<doc>Fails if response status code is different than the expected.</doc>
<status status="PASS" start="2024-04-04T18:43:55.707134" elapsed="0.000000"/>
</kw>
<status status="PASS" start="2024-04-04T18:43:53.657332" elapsed="2.049802"/>
</kw>
<kw name="Delate an order" owner="DelateAnOrderApi">
<kw name="Create Dictionary" owner="BuiltIn">
<msg time="2024-04-04T18:43:55.710326" level="INFO">${Authorization} = {'Authorization': 'Bearer b90598cbe2ccb36520fda6c981992199ccb5f5665d417128d5d1f56150b07d2a'}</msg>
<var>${Authorization}</var>
<arg>Authorization=Bearer ${barear_token}</arg>
<doc>Creates and returns a dictionary based on the given ``items``.</doc>
<status status="PASS" start="2024-04-04T18:43:55.709248" elapsed="0.001078"/>
</kw>
<kw name="DELETE" owner="RequestsLibrary">
<msg time="2024-04-04T18:43:58.160314" level="INFO">DELETE Request : url=https://simple-tool-rental-api.glitch.me/orders/liq9GoUuMLo_Hna-15IjV 
 path_url=/orders/liq9GoUuMLo_Hna-15IjV 
 headers={'User-Agent': 'python-requests/2.31.0', 'Accept-Encoding': 'gzip, deflate', 'Accept': '*/*', 'Connection': 'keep-alive', 'Authorization': 'Bearer b90598cbe2ccb36520fda6c981992199ccb5f5665d417128d5d1f56150b07d2a', 'Content-Length': '0'} 
 body=None 
 </msg>
<msg time="2024-04-04T18:43:58.160314" level="INFO">DELETE Response : url=https://simple-tool-rental-api.glitch.me/orders/liq9GoUuMLo_Hna-15IjV 
 status=204, reason=No Content 
 headers={'Date': 'Thu, 04 Apr 2024 13:13:56 GMT', 'Connection': 'keep-alive', 'x-powered-by': 'Express'} 
 body=None 
 </msg>
<msg time="2024-04-04T18:43:58.160314" level="INFO">${res} = &lt;Response [204]&gt;</msg>
<var>${res}</var>
<arg>${base_url}/orders/${order_id}</arg>
<arg>headers=${Authorization}</arg>
<arg>expected_status=any</arg>
<doc>Sends a DELETE request.</doc>
<status status="PASS" start="2024-04-04T18:43:55.710326" elapsed="2.449988"/>
</kw>
<kw name="Status Should Be" owner="RequestsLibrary">
<arg>204</arg>
<arg>${res}</arg>
<doc>Fails if response status code is different than the expected.</doc>
<status status="PASS" start="2024-04-04T18:43:58.161314" elapsed="0.001000"/>
</kw>
<status status="PASS" start="2024-04-04T18:43:55.708252" elapsed="2.454331"/>
</kw>
<status status="PASS" start="2024-04-04T18:43:45.280838" elapsed="12.882764"/>
</test>
<status status="PASS" start="2024-04-04T18:43:36.228911" elapsed="21.937039"/>
</suite>
<status status="PASS" start="2024-04-04T18:43:32.188268" elapsed="25.980908"/>
</suite>
<statistics>
<total>
<stat pass="5" fail="0" skip="0">All Tests</stat>
</total>
<tag>
</tag>
<suite>
<stat pass="5" fail="0" skip="0" id="s1" name="TestCases">TestCases</stat>
<stat pass="2" fail="0" skip="0" id="s1-s1" name="groceryRequestApi">TestCases.groceryRequestApi</stat>
<stat pass="3" fail="0" skip="0" id="s1-s2" name="RentalToolAPIS">TestCases.RentalToolAPIS</stat>
</suite>
</statistics>
<errors>
</errors>
</robot>
