<?xml version="1.0" encoding="UTF-8"?>
<robot generator="Robot 7.0 (Python 3.12.2 on win32)" generated="2024-03-15T11:03:24.533698" rpa="false" schemaversion="5">
<suite id="s1" name="Example" source="C:\Users\admin\PycharmProjects\LetsShop\Test\example.robot">
<test id="s1-t1" name="Get First Row and Column Products" line="10">
<kw name="Open Browser" owner="SeleniumLibrary">
<msg time="2024-03-15T11:03:25.036396" level="INFO">Opening browser 'Chrome' to base url 'https://rahulshettyacademy.com/seleniumPractise#/'.</msg>
<arg>${URL}</arg>
<arg>${BROWSER}</arg>
<doc>Opens a new browser instance to the optional ``url``.</doc>
<status status="PASS" start="2024-03-15T11:03:25.020737" elapsed="3.987597"/>
</kw>
<kw name="Maximize Browser Window" owner="SeleniumLibrary">
<doc>Maximizes current browser window.</doc>
<status status="PASS" start="2024-03-15T11:03:29.009543" elapsed="0.157360"/>
</kw>
<kw name="Set Selenium Implicit Wait" owner="SeleniumLibrary">
<arg>30 s</arg>
<doc>Sets the implicit wait value used by Selenium.</doc>
<status status="PASS" start="2024-03-15T11:03:29.167900" elapsed="0.003118"/>
</kw>
<kw name="Set Selenium Page Load Timeout" owner="SeleniumLibrary">
<arg>20s</arg>
<doc>Sets the page load timeout value used by Selenium.</doc>
<status status="PASS" start="2024-03-15T11:03:29.171155" elapsed="0.003187"/>
</kw>
<kw name="Create Dictionary" owner="BuiltIn">
<msg time="2024-03-15T11:03:29.175667" level="INFO">${product_dictionary} = {}</msg>
<var>${product_dictionary}</var>
<doc>Creates and returns a dictionary based on the given ``items``.</doc>
<status status="PASS" start="2024-03-15T11:03:29.174342" elapsed="0.001325"/>
</kw>
<kw name="Get Text" owner="SeleniumLibrary">
<msg time="2024-03-15T11:03:29.234283" level="INFO">${product_name} = Brocolli - 1 Kg</msg>
<var>${product_name}</var>
<arg>xpath=//div[@class='products']/div[1]/h4</arg>
<doc>Returns the text value of the element identified by ``locator``.</doc>
<status status="PASS" start="2024-03-15T11:03:29.176667" elapsed="0.057616"/>
</kw>
<for flavor="IN RANGE">
<iter>
<kw name="Get Text" owner="SeleniumLibrary">
<msg time="2024-03-15T11:03:59.692400" level="INFO" html="true">&lt;/td&gt;&lt;/tr&gt;&lt;tr&gt;&lt;td colspan="3"&gt;&lt;a href="selenium-screenshot-11.png"&gt;&lt;img src="selenium-screenshot-11.png" width="800px"&gt;&lt;/a&gt;</msg>
<msg time="2024-03-15T11:03:59.692560" level="FAIL">Element with locator 'locator' not found.</msg>
<arg>locator</arg>
<doc>Returns the text value of the element identified by ``locator``.</doc>
<status status="FAIL" start="2024-03-15T11:03:29.237468" elapsed="30.462926">Element with locator 'locator' not found.</status>
</kw>
<kw name="Get Text" owner="SeleniumLibrary">
<var>${product_name}</var>
<arg>xpath=//div[@class='products']/div[${index}]/h4</arg>
<doc>Returns the text value of the element identified by ``locator``.</doc>
<status status="NOT RUN" start="2024-03-15T11:03:59.701397" elapsed="0.000093"/>
</kw>
<var name="${index}">1</var>
<status status="FAIL" start="2024-03-15T11:03:29.236465" elapsed="30.465122">Element with locator 'locator' not found.</status>
</iter>
<var>${index}</var>
<value>1</value>
<value>5</value>
<status status="FAIL" start="2024-03-15T11:03:29.235470" elapsed="30.466117">Element with locator 'locator' not found.</status>
</for>
<tag>t1</tag>
<status status="FAIL" start="2024-03-15T11:03:25.020737" elapsed="34.681997">Element with locator 'locator' not found.</status>
</test>
<status status="FAIL" start="2024-03-15T11:03:24.533698" elapsed="35.171265"/>
</suite>
<statistics>
<total>
<stat pass="0" fail="1" skip="0">All Tests</stat>
</total>
<tag>
<stat pass="0" fail="1" skip="0">t1</stat>
</tag>
<suite>
<stat pass="0" fail="1" skip="0" id="s1" name="Example">Example</stat>
</suite>
</statistics>
<errors>
</errors>
</robot>
