<?xml version="1.0" encoding="UTF-8"?>
<robot generator="Robot 7.0 (Python 3.12.2 on win32)" generated="2024-03-15T12:56:23.025354" rpa="false" schemaversion="5">
<suite id="s1" name="Example" source="C:\Users\admin\PycharmProjects\LetsShop\Test\example.robot">
<test id="s1-t1" name="Get First Row and Column Products" line="10">
<kw name="Open Browser" owner="SeleniumLibrary">
<msg time="2024-03-15T12:56:23.624774" level="INFO">Opening browser 'Chrome' to base url 'https://rahulshettyacademy.com/seleniumPractise#/'.</msg>
<arg>${URL}</arg>
<arg>${BROWSER}</arg>
<doc>Opens a new browser instance to the optional ``url``.</doc>
<status status="PASS" start="2024-03-15T12:56:23.623700" elapsed="5.311489"/>
</kw>
<kw name="Maximize Browser Window" owner="SeleniumLibrary">
<doc>Maximizes current browser window.</doc>
<status status="PASS" start="2024-03-15T12:56:28.936448" elapsed="0.146754"/>
</kw>
<kw name="Set Selenium Implicit Wait" owner="SeleniumLibrary">
<arg>30 s</arg>
<doc>Sets the implicit wait value used by Selenium.</doc>
<status status="PASS" start="2024-03-15T12:56:29.084348" elapsed="0.002119"/>
</kw>
<kw name="Set Selenium Page Load Timeout" owner="SeleniumLibrary">
<arg>20s</arg>
<doc>Sets the page load timeout value used by Selenium.</doc>
<status status="PASS" start="2024-03-15T12:56:29.087612" elapsed="0.002237"/>
</kw>
<kw name="Get WebElements" owner="SeleniumLibrary">
<msg time="2024-03-15T12:56:29.162178" level="INFO">${product_prices} = [&lt;selenium.webdriver.remote.webelement.WebElement (session="1c1c0824b7d30d68566883c2b4fb59d3", element="f.175EFC040B4B52EF22AAD5A2B003B14E.d.495D398251C8C10BE1ED41A41D762387.e.96")&gt;, &lt;selenium.webdriv...</msg>
<var>${product_prices}</var>
<arg>//div[@class='products']/div/p</arg>
<doc>Returns a list of WebElement objects matching the ``locator``.</doc>
<status status="PASS" start="2024-03-15T12:56:29.089849" elapsed="0.073327"/>
</kw>
<for flavor="IN RANGE">
<iter>
<kw name="Get Text" owner="SeleniumLibrary">
<msg time="2024-03-15T12:56:29.214026" level="INFO">${product_name} = Brocolli - 1 Kg</msg>
<var>${product_name}</var>
<arg>xpath=//div[@class='products']/div[${index}]/h4</arg>
<doc>Returns the text value of the element identified by ``locator``.</doc>
<status status="PASS" start="2024-03-15T12:56:29.166024" elapsed="0.048002"/>
</kw>
<kw name="Get Text" owner="SeleniumLibrary">
<msg time="2024-03-15T12:56:29.259573" level="INFO">${product_price} = 120</msg>
<var>${product_price}</var>
<arg>xpath=//div[@class='products']/div[${index}]/p</arg>
<doc>Returns the text value of the element identified by ``locator``.</doc>
<status status="PASS" start="2024-03-15T12:56:29.215145" elapsed="0.044543"/>
</kw>
<kw name="Set To Dictionary" owner="Collections">
<arg>${product_dictionary}</arg>
<arg>${product_name}</arg>
<arg>${product_price}</arg>
<doc>Adds the given ``key_value_pairs`` and/or ``items`` to the ``dictionary``.</doc>
<status status="PASS" start="2024-03-15T12:56:29.260916" elapsed="0.001000"/>
</kw>
<kw name="Log" owner="BuiltIn">
<msg time="2024-03-15T12:56:29.263164" level="INFO">{'Brocolli - 1 Kg': '120'}</msg>
<arg>${product_dictionary}</arg>
<doc>Logs the given message with the given level.</doc>
<status status="PASS" start="2024-03-15T12:56:29.263164" elapsed="0.001011"/>
</kw>
<var name="${index}">1</var>
<status status="PASS" start="2024-03-15T12:56:29.164179" elapsed="0.100195"/>
</iter>
<iter>
<kw name="Get Text" owner="SeleniumLibrary">
<msg time="2024-03-15T12:56:29.301285" level="INFO">${product_name} = Cauliflower - 1 Kg</msg>
<var>${product_name}</var>
<arg>xpath=//div[@class='products']/div[${index}]/h4</arg>
<doc>Returns the text value of the element identified by ``locator``.</doc>
<status status="PASS" start="2024-03-15T12:56:29.265370" elapsed="0.037048"/>
</kw>
<kw name="Get Text" owner="SeleniumLibrary">
<msg time="2024-03-15T12:56:29.337520" level="INFO">${product_price} = 60</msg>
<var>${product_price}</var>
<arg>xpath=//div[@class='products']/div[${index}]/p</arg>
<doc>Returns the text value of the element identified by ``locator``.</doc>
<status status="PASS" start="2024-03-15T12:56:29.302418" elapsed="0.035102"/>
</kw>
<kw name="Set To Dictionary" owner="Collections">
<arg>${product_dictionary}</arg>
<arg>${product_name}</arg>
<arg>${product_price}</arg>
<doc>Adds the given ``key_value_pairs`` and/or ``items`` to the ``dictionary``.</doc>
<status status="PASS" start="2024-03-15T12:56:29.337520" elapsed="0.001081"/>
</kw>
<kw name="Log" owner="BuiltIn">
<msg time="2024-03-15T12:56:29.338601" level="INFO">{'Brocolli - 1 Kg': '120', 'Cauliflower - 1 Kg': '60'}</msg>
<arg>${product_dictionary}</arg>
<doc>Logs the given message with the given level.</doc>
<status status="PASS" start="2024-03-15T12:56:29.338601" elapsed="0.000000"/>
</kw>
<var name="${index}">2</var>
<status status="PASS" start="2024-03-15T12:56:29.264374" elapsed="0.074227"/>
</iter>
<iter>
<kw name="Get Text" owner="SeleniumLibrary">
<msg time="2024-03-15T12:56:29.376874" level="INFO">${product_name} = Cucumber - 1 Kg</msg>
<var>${product_name}</var>
<arg>xpath=//div[@class='products']/div[${index}]/h4</arg>
<doc>Returns the text value of the element identified by ``locator``.</doc>
<status status="PASS" start="2024-03-15T12:56:29.339721" elapsed="0.038149"/>
</kw>
<kw name="Get Text" owner="SeleniumLibrary">
<msg time="2024-03-15T12:56:29.419181" level="INFO">${product_price} = 48</msg>
<var>${product_price}</var>
<arg>xpath=//div[@class='products']/div[${index}]/p</arg>
<doc>Returns the text value of the element identified by ``locator``.</doc>
<status status="PASS" start="2024-03-15T12:56:29.377870" elapsed="0.041311"/>
</kw>
<kw name="Set To Dictionary" owner="Collections">
<arg>${product_dictionary}</arg>
<arg>${product_name}</arg>
<arg>${product_price}</arg>
<doc>Adds the given ``key_value_pairs`` and/or ``items`` to the ``dictionary``.</doc>
<status status="PASS" start="2024-03-15T12:56:29.419181" elapsed="0.001089"/>
</kw>
<kw name="Log" owner="BuiltIn">
<msg time="2024-03-15T12:56:29.420270" level="INFO">{'Brocolli - 1 Kg': '120', 'Cauliflower - 1 Kg': '60', 'Cucumber - 1 Kg': '48'}</msg>
<arg>${product_dictionary}</arg>
<doc>Logs the given message with the given level.</doc>
<status status="PASS" start="2024-03-15T12:56:29.420270" elapsed="0.000000"/>
</kw>
<var name="${index}">3</var>
<status status="PASS" start="2024-03-15T12:56:29.339721" elapsed="0.081674"/>
</iter>
<iter>
<kw name="Get Text" owner="SeleniumLibrary">
<msg time="2024-03-15T12:56:29.464039" level="INFO">${product_name} = Beetroot - 1 Kg</msg>
<var>${product_name}</var>
<arg>xpath=//div[@class='products']/div[${index}]/h4</arg>
<doc>Returns the text value of the element identified by ``locator``.</doc>
<status status="PASS" start="2024-03-15T12:56:29.421395" elapsed="0.042644"/>
</kw>
<kw name="Get Text" owner="SeleniumLibrary">
<msg time="2024-03-15T12:56:29.505349" level="INFO">${product_price} = 32</msg>
<var>${product_price}</var>
<arg>xpath=//div[@class='products']/div[${index}]/p</arg>
<doc>Returns the text value of the element identified by ``locator``.</doc>
<status status="PASS" start="2024-03-15T12:56:29.465225" elapsed="0.040124"/>
</kw>
<kw name="Set To Dictionary" owner="Collections">
<arg>${product_dictionary}</arg>
<arg>${product_name}</arg>
<arg>${product_price}</arg>
<doc>Adds the given ``key_value_pairs`` and/or ``items`` to the ``dictionary``.</doc>
<status status="PASS" start="2024-03-15T12:56:29.506472" elapsed="0.000000"/>
</kw>
<kw name="Log" owner="BuiltIn">
<msg time="2024-03-15T12:56:29.507621" level="INFO">{'Brocolli - 1 Kg': '120', 'Cauliflower - 1 Kg': '60', 'Cucumber - 1 Kg': '48', 'Beetroot - 1 Kg': '32'}</msg>
<arg>${product_dictionary}</arg>
<doc>Logs the given message with the given level.</doc>
<status status="PASS" start="2024-03-15T12:56:29.506472" elapsed="0.001149"/>
</kw>
<var name="${index}">4</var>
<status status="PASS" start="2024-03-15T12:56:29.421395" elapsed="0.086226"/>
</iter>
<var>${index}</var>
<value>1</value>
<value>5</value>
<status status="PASS" start="2024-03-15T12:56:29.163176" elapsed="0.344445"/>
</for>
<tag>t1</tag>
<status status="PASS" start="2024-03-15T12:56:23.621584" elapsed="5.887034"/>
</test>
<status status="PASS" start="2024-03-15T12:56:23.031380" elapsed="6.479252"/>
</suite>
<statistics>
<total>
<stat pass="1" fail="0" skip="0">All Tests</stat>
</total>
<tag>
<stat pass="1" fail="0" skip="0">t1</stat>
</tag>
<suite>
<stat pass="1" fail="0" skip="0" id="s1" name="Example">Example</stat>
</suite>
</statistics>
<errors>
</errors>
</robot>
